<?xml version="1.0" encoding="UTF-8"?>
<testng-results skipped="0" failed="0" ignored="0" total="1" passed="1">
  <reporter-output>
  </reporter-output>
  <suite name="Default suite" duration-ms="148" started-at="2019-08-01T17:25:45Z" finished-at="2019-08-01T17:25:45Z">
    <groups>
    </groups>
    <test name="Default test" duration-ms="148" started-at="2019-08-01T17:25:45Z" finished-at="2019-08-01T17:25:45Z">
      <class name="Kiwitech.SafeShowings.Login">
        <test-method status="PASS" signature="Test_01()[pri:0, instance:Kiwitech.SafeShowings.Login@7cd62f43]" name="Test_01" duration-ms="62" started-at="2019-08-01T22:55:45Z" finished-at="2019-08-01T22:55:45Z">
          <reporter-output>
          </reporter-output>
        </test-method> <!-- Test_01 -->
      </class> <!-- Kiwitech.SafeShowings.Login -->
    </test> <!-- Default test -->
  </suite> <!-- Default suite -->
</testng-results>
